ARVR MCO/Library/Bee/Android/Prj/IL2CPP/Gradle/launcher/build/intermediates/manifest_merge_blame_file/release/manifest-merger-blame-release-report.txt
1<?xml version="1.0" encoding="utf-8"?>
2<manifest xmlns:android="http://schemas.android.com/apk/res/android"
3    package="com.DefaultCompany.ARVRMCO"
4    android:installLocation="auto"
5    android:versionCode="1"
6    android:versionName="0.1" >
7
8    <uses-sdk
9        android:minSdkVersion="30"
9-->src\main\AndroidManifest.xml
10        android:targetSdkVersion="33" />
10-->src\main\AndroidManifest.xml
11
12    <supports-screens
12-->src\main\AndroidManifest.xml:4:3-163
13        android:anyDensity="true"
13-->src\main\AndroidManifest.xml:4:135-160
14        android:largeScreens="true"
14-->src\main\AndroidManifest.xml:4:78-105
15        android:normalScreens="true"
15-->src\main\AndroidManifest.xml:4:49-77
16        android:smallScreens="true"
16-->src\main\AndroidManifest.xml:4:21-48
17        android:xlargeScreens="true" />
17-->src\main\AndroidManifest.xml:4:106-134
18
19    <uses-permission android:name="android.permission.INTERNET" />
19-->[:unityLibrary] AndroidManifest.xml:11:5-67
19-->[:unityLibrary] AndroidManifest.xml:11:22-64
20
21    <uses-feature android:glEsVersion="0x00030000" />
21-->[:unityLibrary] AndroidManifest.xml:13:5-54
21-->[:unityLibrary] AndroidManifest.xml:13:19-51
22    <uses-feature
22-->[:unityLibrary] AndroidManifest.xml:14:5-16:36
23        android:name="android.hardware.vulkan.version"
23-->[:unityLibrary] AndroidManifest.xml:15:9-55
24        android:required="false" />
24-->[:unityLibrary] AndroidManifest.xml:16:9-33
25    <uses-feature
25-->[:unityLibrary] AndroidManifest.xml:17:5-19:36
26        android:name="android.hardware.touchscreen"
26-->[:unityLibrary] AndroidManifest.xml:18:9-52
27        android:required="false" />
27-->[:unityLibrary] AndroidManifest.xml:19:9-33
28    <uses-feature
28-->[:unityLibrary] AndroidManifest.xml:20:5-22:36
29        android:name="android.hardware.touchscreen.multitouch"
29-->[:unityLibrary] AndroidManifest.xml:21:9-63
30        android:required="false" />
30-->[:unityLibrary] AndroidManifest.xml:22:9-33
31    <uses-feature
31-->[:unityLibrary] AndroidManifest.xml:23:5-25:36
32        android:name="android.hardware.touchscreen.multitouch.distinct"
32-->[:unityLibrary] AndroidManifest.xml:24:9-72
33        android:required="false" />
33-->[:unityLibrary] AndroidManifest.xml:25:9-33
34    <uses-feature
34-->[:unityLibrary] AndroidManifest.xml:26:5-29:31
35        android:name="android.hardware.vr.headtracking"
35-->[:unityLibrary] AndroidManifest.xml:27:9-56
36        android:required="true"
36-->[:unityLibrary] AndroidManifest.xml:28:9-32
37        android:version="1" />
37-->[:unityLibrary] AndroidManifest.xml:29:9-28
38
39    <permission
39-->[androidx.core:core:1.9.0] AndroidManifest.xml:22:5-24:47
40        android:name="com.DefaultCompany.ARVRMCO.DYNAMIC_RECEIVER_NOT_EXPORTED_PERMISSION"
40-->[androidx.core:core:1.9.0] AndroidManifest.xml:23:9-81
41        android:protectionLevel="signature" />
41-->[androidx.core:core:1.9.0] AndroidManifest.xml:24:9-44
42
43    <uses-permission android:name="com.DefaultCompany.ARVRMCO.DYNAMIC_RECEIVER_NOT_EXPORTED_PERMISSION" />
43-->[androidx.core:core:1.9.0] AndroidManifest.xml:26:5-97
43-->[androidx.core:core:1.9.0] AndroidManifest.xml:26:22-94
44
45    <application
45-->src\main\AndroidManifest.xml:3:3-83
46        android:appComponentFactory="androidx.core.app.CoreComponentFactory"
46-->[androidx.core:core:1.9.0] AndroidManifest.xml:28:18-86
47        android:extractNativeLibs="true"
47-->[:unityLibrary] AndroidManifest.xml:31:18-50
48        android:icon="@mipmap/app_icon"
48-->src\main\AndroidManifest.xml:3:16-47
49        android:label="@string/app_name" >
49-->src\main\AndroidManifest.xml:3:48-80
50        <meta-data
50-->[:unityLibrary] AndroidManifest.xml:32:9-34:33
51            android:name="unity.splash-mode"
51-->[:unityLibrary] AndroidManifest.xml:33:13-45
52            android:value="0" />
52-->[:unityLibrary] AndroidManifest.xml:34:13-30
53        <meta-data
53-->[:unityLibrary] AndroidManifest.xml:35:9-37:36
54            android:name="unity.splash-enable"
54-->[:unityLibrary] AndroidManifest.xml:36:13-47
55            android:value="True" />
55-->[:unityLibrary] AndroidManifest.xml:37:13-33
56        <meta-data
56-->[:unityLibrary] AndroidManifest.xml:38:9-40:36
57            android:name="unity.launch-fullscreen"
57-->[:unityLibrary] AndroidManifest.xml:39:13-51
58            android:value="True" />
58-->[:unityLibrary] AndroidManifest.xml:40:13-33
59        <meta-data
59-->[:unityLibrary] AndroidManifest.xml:41:9-43:36
60            android:name="unity.render-outside-safearea"
60-->[:unityLibrary] AndroidManifest.xml:42:13-57
61            android:value="True" />
61-->[:unityLibrary] AndroidManifest.xml:43:13-33
62        <meta-data
62-->[:unityLibrary] AndroidManifest.xml:44:9-46:50
63            android:name="notch.config"
63-->[:unityLibrary] AndroidManifest.xml:45:13-40
64            android:value="portrait|landscape" />
64-->[:unityLibrary] AndroidManifest.xml:46:13-47
65        <meta-data
65-->[:unityLibrary] AndroidManifest.xml:47:9-49:36
66            android:name="unity.auto-report-fully-drawn"
66-->[:unityLibrary] AndroidManifest.xml:48:13-57
67            android:value="true" />
67-->[:unityLibrary] AndroidManifest.xml:49:13-33
68        <meta-data
68-->[:unityLibrary] AndroidManifest.xml:50:9-52:36
69            android:name="unity.strip-engine-code"
69-->[:unityLibrary] AndroidManifest.xml:51:13-51
70            android:value="true" />
70-->[:unityLibrary] AndroidManifest.xml:52:13-33
71
72        <activity
72-->[:unityLibrary] AndroidManifest.xml:54:9-84:20
73            android:name="com.unity3d.player.UnityPlayerGameActivity"
73-->[:unityLibrary] AndroidManifest.xml:55:13-70
74            android:configChanges="keyboard|keyboardHidden|navigation|orientation|screenLayout|screenSize|uiMode|density"
74-->[:unityLibrary] AndroidManifest.xml:56:13-122
75            android:enabled="true"
75-->[:unityLibrary] AndroidManifest.xml:57:13-35
76            android:exported="true"
76-->[:unityLibrary] AndroidManifest.xml:58:13-36
77            android:hardwareAccelerated="false"
77-->[:unityLibrary] AndroidManifest.xml:59:13-48
78            android:launchMode="singleTask"
78-->[:unityLibrary] AndroidManifest.xml:60:13-44
79            android:resizeableActivity="false"
79-->[:unityLibrary] AndroidManifest.xml:61:13-47
80            android:screenOrientation="landscape"
80-->[:unityLibrary] AndroidManifest.xml:62:13-50
81            android:theme="@style/BaseUnityGameActivityTheme" >
81-->[:unityLibrary] AndroidManifest.xml:63:13-62
82            <intent-filter>
82-->[:unityLibrary] AndroidManifest.xml:64:13-70:29
83                <category android:name="android.intent.category.LAUNCHER" />
83-->[:unityLibrary] AndroidManifest.xml:65:17-77
83-->[:unityLibrary] AndroidManifest.xml:65:27-74
84
85                <action android:name="android.intent.action.MAIN" />
85-->[:unityLibrary] AndroidManifest.xml:67:17-69
85-->[:unityLibrary] AndroidManifest.xml:67:25-66
86
87                <category android:name="com.oculus.intent.category.VR" />
87-->[:unityLibrary] AndroidManifest.xml:69:17-74
87-->[:unityLibrary] AndroidManifest.xml:69:27-71
88            </intent-filter>
89
90            <meta-data
90-->[:unityLibrary] AndroidManifest.xml:72:13-74:40
91                android:name="unityplayer.UnityActivity"
91-->[:unityLibrary] AndroidManifest.xml:73:17-57
92                android:value="true" />
92-->[:unityLibrary] AndroidManifest.xml:74:17-37
93            <meta-data
93-->[:unityLibrary] AndroidManifest.xml:75:13-77:40
94                android:name="android.app.lib_name"
94-->[:unityLibrary] AndroidManifest.xml:76:17-52
95                android:value="game" />
95-->[:unityLibrary] AndroidManifest.xml:77:17-37
96            <meta-data
96-->[:unityLibrary] AndroidManifest.xml:78:13-80:40
97                android:name="notch_support"
97-->[:unityLibrary] AndroidManifest.xml:79:17-45
98                android:value="true" />
98-->[:unityLibrary] AndroidManifest.xml:80:17-37
99            <meta-data
99-->[:unityLibrary] AndroidManifest.xml:81:13-83:40
100                android:name="com.oculus.vr.focusaware"
100-->[:unityLibrary] AndroidManifest.xml:82:17-56
101                android:value="true" />
101-->[:unityLibrary] AndroidManifest.xml:83:17-37
102        </activity>
103
104        <meta-data
104-->[:unityLibrary] AndroidManifest.xml:86:9-88:39
105            android:name="com.samsung.android.vr.application.mode"
105-->[:unityLibrary] AndroidManifest.xml:87:13-67
106            android:value="vr_only" />
106-->[:unityLibrary] AndroidManifest.xml:88:13-36
107        <meta-data
107-->[:unityLibrary] AndroidManifest.xml:89:9-91:37
108            android:name="com.unity.xr.oculus.LowOverheadMode"
108-->[:unityLibrary] AndroidManifest.xml:90:13-63
109            android:value="false" />
109-->[:unityLibrary] AndroidManifest.xml:91:13-34
110        <meta-data
110-->[:unityLibrary] AndroidManifest.xml:92:9-94:37
111            android:name="com.unity.xr.oculus.LateLatching"
111-->[:unityLibrary] AndroidManifest.xml:93:13-60
112            android:value="false" />
112-->[:unityLibrary] AndroidManifest.xml:94:13-34
113        <meta-data
113-->[:unityLibrary] AndroidManifest.xml:95:9-97:37
114            android:name="com.unity.xr.oculus.LateLatchingDebug"
114-->[:unityLibrary] AndroidManifest.xml:96:13-65
115            android:value="false" />
115-->[:unityLibrary] AndroidManifest.xml:97:13-34
116        <meta-data
116-->[:unityLibrary] AndroidManifest.xml:98:9-100:45
117            android:name="com.oculus.supportedDevices"
117-->[:unityLibrary] AndroidManifest.xml:99:13-55
118            android:value="quest2|eureka" />
118-->[:unityLibrary] AndroidManifest.xml:100:13-42
119
120        <activity android:name="com.unity3d.player.UnityPlayerActivity" >
120-->[:unityLibrary:xrmanifest.androidlib] AndroidManifest.xml:10:9-11:20
120-->[:unityLibrary:xrmanifest.androidlib] AndroidManifest.xml:10:19-72
121        </activity>
122
123        <provider
123-->[androidx.emoji2:emoji2:1.2.0] AndroidManifest.xml:24:9-32:20
124            android:name="androidx.startup.InitializationProvider"
124-->[androidx.emoji2:emoji2:1.2.0] AndroidManifest.xml:25:13-67
125            android:authorities="com.DefaultCompany.ARVRMCO.androidx-startup"
125-->[androidx.emoji2:emoji2:1.2.0] AndroidManifest.xml:26:13-68
126            android:exported="false" >
126-->[androidx.emoji2:emoji2:1.2.0] AndroidManifest.xml:27:13-37
127            <meta-data
127-->[androidx.emoji2:emoji2:1.2.0] AndroidManifest.xml:29:13-31:52
128                android:name="androidx.emoji2.text.EmojiCompatInitializer"
128-->[androidx.emoji2:emoji2:1.2.0] AndroidManifest.xml:30:17-75
129                android:value="androidx.startup" />
129-->[androidx.emoji2:emoji2:1.2.0] AndroidManifest.xml:31:17-49
130            <meta-data
130-->[androidx.lifecycle:lifecycle-process:2.4.1] AndroidManifest.xml:31:13-33:52
131                android:name="androidx.lifecycle.ProcessLifecycleInitializer"
131-->[androidx.lifecycle:lifecycle-process:2.4.1] AndroidManifest.xml:32:17-78
132                android:value="androidx.startup" />
132-->[androidx.lifecycle:lifecycle-process:2.4.1] AndroidManifest.xml:33:17-49
133        </provider>
134    </application>
135
136</manifest>